<?xml version="1.0" encoding="UTF-8"?>
<!-- Generated by org.testng.reporters.JUnitReportReporter -->
<testsuite hostname="DESKTOP-B9KJEIH" failures="0" tests="1" name="com.Flipkart.TestClass.TC01_VerifyLoginFunctionality" time="56.972" errors="0" timestamp="2022-10-20T19:50:27 IST" skipped="0">
  <testcase classname="com.Flipkart.TestClass.TC01_VerifyLoginFunctionality" name="verifyLoginFunctionality" time="56.972"/>
  <system-out/>
</testsuite> <!-- com.Flipkart.TestClass.TC01_VerifyLoginFunctionality -->
