<?xml version="1.0" encoding="UTF-8"?>
<!-- Generated by org.testng.reporters.JUnitReportReporter -->
<testsuite hostname="DESKTOP-B9KJEIH" failures="0" tests="1" name="com.Flipkart.TestClass.TestBaseClass" time="100.540" errors="0" timestamp="2022-10-18T19:45:41 IST" skipped="0">
  <testcase classname="com.Flipkart.TestClass.TestBaseClass" name="setUp" time="100.540"/>
  <system-out/>
</testsuite> <!-- com.Flipkart.TestClass.TestBaseClass -->
